生成启动时间为 2015/12/8 16:28:29。
     1>项目“F:\postgraduate\course\object-oriented\homework1\homework1\homework1.vcxproj”在节点 2 上(build 个目标)。
     1>InitializeBuildStatus:
         正在对“Debug\homework1.unsuccessfulbuild”执行 Touch 任务。
       ClCompile:
         所有输出均为最新。
       ManifestResourceCompile:
         所有输出均为最新。
       Link:
         e:\Program Files\Microsoft Visual Studio10.0\VC\bin\link.exe /ERRORREPORT:PROMPT /OUT:"F:\postgraduate\course\object-oriented\homework1\Debug\homework1.exe" /INCREMENTAL /NOLOGO kernel32.lib user32.lib gdi32.lib winspool.lib comdlg32.lib advapi32.lib shell32.lib ole32.lib oleaut32.lib uuid.lib odbc32.lib odbccp32.lib /MANIFEST /ManifestFile:"Debug\homework1.exe.intermediate.manifest" /MANIFESTUAC:"level='asInvoker' uiAccess='false'" /DEBUG /PDB:"F:\postgraduate\course\object-oriented\homework1\Debug\homework1.pdb" /SUBSYSTEM:CONSOLE /TLBID:1 /DYNAMICBASE /NXCOMPAT /IMPLIB:"F:\postgraduate\course\object-oriented\homework1\Debug\homework1.lib" /MACHINE:X86 Debug\homework1.exe.embed.manifest.res
         Debug\main.obj
         Debug\stdafx.obj
         Debug\VectorSet.obj
       Manifest:
         C:\Program Files\Microsoft SDKs\Windows\v7.0A\bin\mt.exe /nologo /verbose /out:"Debug\homework1.exe.embed.manifest" /manifest Debug\homework1.exe.intermediate.manifest
         所有输出均为最新。
       LinkEmbedManifest:
         所有输出均为最新。
         homework1.vcxproj -> F:\postgraduate\course\object-oriented\homework1\Debug\homework1.exe
       FinalizeBuildStatus:
         正在删除文件“Debug\homework1.unsuccessfulbuild”。
         正在对“Debug\homework1.lastbuildstate”执行 Touch 任务。
     1>已完成生成项目“F:\postgraduate\course\object-oriented\homework1\homework1\homework1.vcxproj”(build 个目标)的操作。

生成成功。

已用时间 00:00:00.55
